116207839408958420000.000000
138473577045023650000.000000
143116136298221800000.000000
159612794548138210000.000000
162601540024591710000.000000
173269344239222360000.000000
178368454778151960000.000000
185589626321685840000.000000
188301054392288800000.000000
198905667710677350000.000000
201228833724654780000.000000
203921464650805350000.000000
205229911012978490000.000000
208238133289421570000.000000
211560081257001780000.000000
216811196274214010000.000000
217674792923744470000.000000
219543678708903180000.000000
220934480809530560000.000000
222175431908628100000.000000
223843582964374500000.000000
224510632546431500000.000000
225814689064387410000.000000
231973687660665180000.000000
239822876959018220000.000000
240245243737151960000.000000
243130860703401770000.000000
243685753049411720000.000000
244808619873339900000.000000
250606328252856500000.000000
251275195034075890000.000000
251679091167294720000.000000
251938381974550870000.000000
252327373950925570000.000000
252950753291481780000.000000
253674295905939950000.000000
254000185720155930000.000000
255165654554486310000.000000
256336280010201560000.000000
256706310511141910000.000000
256955269064511460000.000000
257213698465281210000.000000
257389952261457740000.000000
257652760717211300000.000000
258201245686398350000.000000
261209558100612510000.000000
262533006902456550000.000000
262726175264287720000.000000
262801684986970010000.000000
262970330005273120000.000000
263983892634013700000.000000
264171106296936430000.000000
264285515139240890000.000000
264458190960239020000.000000
264826148287370950000.000000
264983620154471020000.000000
265183593317677270000.000000
265648029407286100000.000000
265822653595334150000.000000
265960799265844630000.000000
265983214026528850000.000000
266357610064890360000.000000
270355336268708540000.000000
270585726041661210000.000000
270706355484453310000.000000
270863489595890430000.000000
270940856567762940000.000000
273721733996037340000.000000
273803365295606170000.000000
273897655534624510000.000000
274091566216771140000.000000
274452185625723800000.000000
274686984108288250000.000000
274763951847617070000.000000
275083896605767070000.000000
275280615617370550000.000000
275324167500651070000.000000
275423924552468270000.000000
275481132988286700000.000000
275618238025719810000.000000
275687781088119320000.000000
275784218130199670000.000000
276818446371382000000.000000
276944989183399620000.000000
276992111961738840000.000000
277086794387882740000.000000
277179826757467470000.000000
280221749588089900000.000000
280279158346253830000.000000
280459092477634900000.000000
280543303594757030000.000000
280680084614452740000.000000
282331650525522170000.000000
282366299087693940000.000000
282712359217254660000.000000
282806592523273630000.000000
282885618666710730000.000000
283058079947268920000.000000
283089306963424280000.000000
283120801893235000000.000000
283254534838453830000.000000
283589154214486610000.000000
283634703484366620000.000000
283745718831235370000.000000
283872882502566120000.000000
283932719624274770000.000000
284015263220147520000.000000
284138357582598410000.000000
284336583275029790000.000000
284397334698856090000.000000
284507407535390100000.000000
285125179523443000000.000000
285170073734647150000.000000
285226819924168970000.000000
285568752126356490000.000000
285713256237661220000.000000
285949314810523940000.000000
285991640762113520000.000000
286035376134579420000.000000
286139741640788480000.000000
286174977352341260000.000000
286277639483112750000.000000
286760846795377440000.000000
286861758854438060000.000000
286938286196789020000.000000
286963340635780840000.000000
287029048699101350000.000000
287095451440127740000.000000
287128918879467140000.000000
288484278603468510000.000000
288592812444861730000.000000
288694470161424520000.000000
288727694745262420000.000000
288821648082170120000.000000
288885056076469080000.000000
290423545324471650000.000000
290459009423254060000.000000
290481995668077940000.000000
290524553182772760000.000000
290607465624101520000.000000
290637152538697790000.000000
290664810860040950000.000000
290683072083491590000.000000
290723079131464990000.000000
290760975032615930000.000000
290812865164711030000.000000
290837074701425930000.000000
290850797679760310000.000000
291120657236182700000.000000
291179019102246270000.000000
291239834554801850000.000000
291286265453652870000.000000
291314921829057330000.000000
291328088641116140000.000000
291482880201163830000.000000
291519773758970760000.000000
291531177701359190000.000000
291562369822215830000.000000
291586326969993000000.000000
291650950886363890000.000000
291665936126946340000.000000
291702558323995440000.000000
291713861876403470000.000000
291753144587752180000.000000
291808867844723970000.000000
291820401953603750000.000000
291827105883922530000.000000
292137683288294920000.000000
292151628198388300000.000000
292208354960343560000.000000
292242241000038200000.000000
292251066808910870000.000000
292986173229920580000.000000
293000438566104100000.000000
293004514224280830000.000000
293025117258843060000.000000
293039769225068020000.000000
294800423034702860000.000000
294812302929758190000.000000
295199478760356900000.000000
295242386099249810000.000000
295274614644374770000.000000
295289700183507530000.000000
295332030959078280000.000000
295337119653412800000.000000
295373034981964780000.000000
295383998832264020000.000000
295426171758764430000.000000
295446912607100860000.000000
295555680336702800000.000000
295564481926486030000.000000
295580532476570110000.000000
295588991587804320000.000000
295602969501443230000.000000
295852338485177350000.000000
295870697440988300000.000000
295966770495288380000.000000
296003015389694920000.000000
296027677239741190000.000000
296062261279592870000.000000
296081882038822370000.000000
296118311911298700000.000000
296141093287117910000.000000
296264096771868070000.000000
296309694281074480000.000000
296325876268022560000.000000
296785334610862080000.000000
296815022055448050000.000000
296826357305977410000.000000
298710661600477380000.000000
298724027700802750000.000000
298752876531605640000.000000
298766066262279520000.000000
298774770377362050000.000000
298833798943708350000.000000
298849642611922830000.000000
298872155972032720000.000000
298881980242923880000.000000
298925790361762400000.000000
298945328232149810000.000000
299504879235229750000.000000
299516328981841970000.000000
299528311213622820000.000000
299538732378685370000.000000
299591106774812070000.000000
299605113771872290000.000000
299639193521672620000.000000
299654983445398030000.000000
299677639956298070000.000000
299692076474365510000.000000
299717882983145470000.000000
299726136335055520000.000000
299799750823056900000.000000
299813596383656410000.000000
299825705661452710000.000000
300335209043839940000.000000
300988169763592670000.000000
301001891938810790000.000000
301015298685358770000.000000
301068082332986310000.000000
301093382373011880000.000000
301143207355638280000.000000
301158693534268650000.000000
301170420629212100000.000000
301180184329948430000.000000
301196593766141260000.000000
301481901641833910000.000000
301494074754879720000.000000
301526674174059090000.000000
301539353985096220000.000000
301552474630186660000.000000
301568762438671010000.000000
301602597336550340000.000000
301653281390678180000.000000
301668002107371880000.000000
301935852191649430000.000000
301949590161039160000.000000
302057089671268990000.000000
302072732855516920000.000000
302099022607582100000.000000
302108074155659560000.000000
302113187145274690000.000000
302329076852187590000.000000
302333475337319810000.000000
302349688999930040000.000000
302352189133867580000.000000
302364474052273640000.000000
302378885276500100000.000000
302396884505964180000.000000
302416698300521970000.000000
302424748390823360000.000000
302646097027197370000.000000
303098262978507900000.000000
303111303549943940000.000000
303133667985496410000.000000
303167190812610850000.000000
303174137131091170000.000000
303189076363389700000.000000
303200879211013930000.000000
303206217000293040000.000000
303215744902723400000.000000
303917131813825020000.000000
303922933224749470000.000000
303945105338282670000.000000
303949152108335600000.000000
304235560492582440000.000000
304242211902849880000.000000
304297107357829820000.000000
304925888247931540000.000000
304936461933714870000.000000
304950696217331300000.000000
304979128658194460000.000000
305149456354869510000.000000
305154595562137390000.000000
305168265144082760000.000000
305174612060724920000.000000
305213697400351030000.000000
305219450899597560000.000000
305251536826147410000.000000
306044530843451980000.000000
306055134210376530000.000000
306067855783673460000.000000
306074621880070440000.000000
306079325539560910000.000000
306094591334629770000.000000
306109081696871380000.000000
306132720765241390000.000000
306140755209351660000.000000
306152235367683850000.000000
306181252496629760000.000000
306283865615287120000.000000
306554415654826670000.000000
306573485630267720000.000000
306581336587187130000.000000
306587544389006000000.000000
306599781297077350000.000000
307815621232640460000.000000
307877019613596680000.000000
307890879134320690000.000000
307897023781075160000.000000
307905262645524560000.000000
309441951227852620000.000000
309446989564029370000.000000
309459416636535210000.000000
309510095851944870000.000000
309521477658433620000.000000
309526700183250210000.000000
309537933050101500000.000000
309584705955390880000.000000
309600958295314660000.000000
309664522421218900000.000000
309673996825040190000.000000
309678588454185070000.000000
309684652048107180000.000000
309696332834451030000.000000
309866366490011110000.000000
309869741132524810000.000000
310124738775767840000.000000
310131532552791650000.000000
310168256463819240000.000000
310462373815745770000.000000
310469147729818160000.000000
310476526129867060000.000000
310489545190101940000.000000
310537473978819150000.000000
310545639542265220000.000000
310548627655922940000.000000
310572378115367900000.000000
310575601926927090000.000000
310585725388381360000.000000
311786613111795290000.000000
311791228296998550000.000000
311850946575141370000.000000
311864802000317840000.000000
311871871140410430000.000000
311879215735441520000.000000
311884438195574470000.000000
311893056076607850000.000000
311899647653145020000.000000
311904802109528670000.000000
311931955610939880000.000000
311940297903748610000.000000
311940942519856270000.000000
311944028728416730000.000000
311948633363766840000.000000
312010315215173190000.000000
312330899461879820000.000000
312334409554563170000.000000
312340041586763170000.000000
314012427395347970000.000000
314044550085983470000.000000
314046967791369390000.000000
314053345357182270000.000000
314058715186688690000.000000
314069125924782080000.000000
314081991911427930000.000000
314100408986427920000.000000
314109078174091120000.000000
314111831412664700000.000000
314119880402542070000.000000
314124461963279660000.000000
314127866946268500000.000000
314142476306870370000.000000
314176770131682790000.000000
314187379578076730000.000000
314411335166431720000.000000
314415020767036960000.000000
314426778277708560000.000000
314438407054919200000.000000
314462549856106910000.000000
314492992354899660000.000000
314495465821624730000.000000
314497899321395120000.000000
314504114948586340000.000000
315606607402007790000.000000
315610698626360480000.000000
315615031611388070000.000000
315629653471419430000.000000
315631018031511760000.000000
315636975189387640000.000000
315641017178769130000.000000
315644144118292740000.000000
315649680184093770000.000000
315675133635723920000.000000
315683051019137320000.000000
315687391989784640000.000000
315691962108687290000.000000
315712820323756670000.000000
315739152187969900000.000000
315856865992643050000.000000
316207914834325730000.000000
316221637753884440000.000000
316280288734273730000.000000
316283338414516800000.000000
316295477754760530000.000000
316298257595015100000.000000
316310525863627330000.000000
316314829618285640000.000000
316318503872595490000.000000
316334052489218820000.000000
316335703886195790000.000000
316531212857849280000.000000
316640520172187160000.000000
316643908952577150000.000000
316648157862892990000.000000
316723187622501740000.000000
316726173319798980000.000000
316729240306966400000.000000
316806112696215210000.000000
316818535617579580000.000000
316821085187489920000.000000
317432815531936190000.000000
317439787711923810000.000000
317442461001154360000.000000
317456726694530380000.000000
317460437567543710000.000000
317465402274974600000.000000
317467513922223470000.000000
317470289654023980000.000000
317512328319088850000.000000
317527062610556880000.000000
317542704100282140000.000000
317547850706417680000.000000
317551346902021640000.000000
317555437637358850000.000000
317560945488553180000.000000
317565357054482710000.000000
317570750463516740000.000000
317575686032134050000.000000
318182405052499360000.000000
318193685605310790000.000000
318197094641730450000.000000
318204931134309530000.000000
318219486609495880000.000000
318224664419220720000.000000
318228017903500850000.000000
318230422718286460000.000000
318238216135884080000.000000
318239756548068610000.000000
318243443390848240000.000000
318247196927192330000.000000
318263993997659410000.000000
318269974282728960000.000000
318272381703551120000.000000
318343432911376880000.000000
318353126582007170000.000000
318372879314202200000.000000
318496971065823200000.000000
318499038374283580000.000000
318505271130802810000.000000
318514279898119730000.000000
318517129669581930000.000000
318520894640788410000.000000
318532568951378800000.000000
318535811782583450000.000000
318540041915218790000.000000
319295497078513210000.000000
319306193591122850000.000000
319312363324451780000.000000
319318258386150560000.000000
319324507871082970000.000000
319327796478672240000.000000
319540965384133280000.000000
319719048548562890000.000000
319903680808310010000.000000
319915842978219160000.000000
319921844941100810000.000000
319929610270267600000.000000
319938195982653260000.000000
320146076616030950000.000000
320151209186373600000.000000
320156624750966150000.000000
320159528916403290000.000000
320165130900735720000.000000
320174687395816010000.000000
320186095140800690000.000000
320191353807007450000.000000
320202351835425600000.000000
320206257517077660000.000000
320215389154993370000.000000
320218926370136260000.000000
320243683194772060000.000000
320248693958018400000.000000
320249938583321250000.000000
320257898711179200000.000000
320265148666295810000.000000
320340590977834610000.000000
320345388375835080000.000000
320348246144864350000.000000
320541146283752550000.000000
320545469472027770000.000000
320551860170308580000.000000
320553576245150880000.000000
320555616849946480000.000000
320558890677699610000.000000
320564338009984790000.000000
320565184104671080000.000000
320566068375682150000.000000
320951101919722210000.000000
320956194632418850000.000000
320957549922202420000.000000
320962744444339810000.000000
320967922620621320000.000000
320972039609919540000.000000
320980428504892960000.000000
320983207354477050000.000000
320987721239318630000.000000
320989825812328610000.000000
321009936964816930000.000000
321013877301458370000.000000
321015829228506780000.000000
321023444741099880000.000000
321026266550261650000.000000
321031927329847250000.000000
321080240505960400000.000000
321082378928238890000.000000
321083276036159180000.000000
321090250721582710000.000000
321096902416972910000.000000
321097446049388630000.000000
321098974652834380000.000000
321101065886310470000.000000
321110559422788210000.000000
321233882054460310000.000000
321271321498526740000.000000
321278645486750990000.000000
321445839882319560000.000000
321447944521392060000.000000
321461048871787040000.000000
321463085342123880000.000000
321466427138160980000.000000
321467976331430590000.000000
321472929186673790000.000000
321534337276590950000.000000
321535255871475020000.000000
321536924103707530000.000000
321540076482651880000.000000
321542055623904850000.000000
321548238678264250000.000000
321762945654641460000.000000
321766197016414450000.000000
321769133901690040000.000000
322101290890276900000.000000
322103429758709990000.000000
322105364171030860000.000000
322107750402764570000.000000
322110755028907660000.000000
322113619018149660000.000000
322115355179018940000.000000
322146032132959170000.000000
322147029125450560000.000000
322150923875243850000.000000
322155894079846020000.000000
322162979902362160000.000000
322165539989312830000.000000
322570038376115930000.000000
322573080877956140000.000000
322578371099068860000.000000
322585774690108440000.000000
322587227152710630000.000000
322595512437843890000.000000
322606309503190760000.000000
322608760375324440000.000000
322615977255908610000.000000
322618636321906750000.000000
322619968864620450000.000000
322621173356375700000.000000
322649143513968020000.000000
322652837579367060000.000000
322655290869710190000.000000
322665657903617340000.000000
322668843870824370000.000000
322670144587059950000.000000
322673211461735810000.000000
322676540542918720000.000000
322682166191721680000.000000
322685816978269540000.000000
322689838582854250000.000000
322690803201064110000.000000
322692130133789510000.000000
322734624634990490000.000000
322736741652099430000.000000
322738670523011830000.000000
322740399185824190000.000000
322742439674817740000.000000
322982266671691010000.000000
322983828043981460000.000000
322988921880551880000.000000
322990055557976950000.000000
322993738833550840000.000000
323005329001725030000.000000
323011978172864070000.000000
323013510961652760000.000000
323015550543907390000.000000
323017595277679390000.000000
323018901248896660000.000000
323019981637021930000.000000
323022621010441540000.000000
323024643083820010000.000000
323027529546722380000.000000
323028262383136280000.000000
323029948347800620000.000000
323033146965376430000.000000
323062134064331290000.000000
323062929951200710000.000000
323292993153062470000.000000
323569815044363580000.000000
323570180680166150000.000000
323573524149456470000.000000
323575305592120280000.000000
323583179832686020000.000000
323584651250172230000.000000
323586928220735670000.000000
323598315100612720000.000000
323773696953770310000.000000
323778873069865400000.000000
323780468712851770000.000000
323782676853113550000.000000
323783978964832750000.000000
323790501355009280000.000000
323792869471248060000.000000
323794895378678020000.000000
323851832599167170000.000000
323855941229780660000.000000
323858400809575710000.000000
324056513894624660000.000000
324061592060917710000.000000
324062827822815120000.000000
324064761630946030000.000000
324065163379437800000.000000
324067063483423650000.000000
324068240777442620000.000000
324072657773242480000.000000
324074348279059580000.000000
324077636617959050000.000000
324078492653403960000.000000
324268240579388640000.000000
324344434449962430000.000000
324347747331682010000.000000
324350233058065710000.000000
324350904703065130000.000000
324353539894323310000.000000
324364128296295010000.000000
324372436645420470000.000000
324376156375682320000.000000
324377906971272540000.000000
324380264406368450000.000000
324379894563219050000.000000
324381071085870120000.000000
324382929470233900000.000000
324384990395904430000.000000
324386570597429020000.000000
324389747716767810000.000000
324395844132818260000.000000
324396952947783500000.000000
324398152746330750000.000000
324400213800721510000.000000
324524491350997930000.000000
324564190039450320000.000000
324565106876346730000.000000
324566430581719430000.000000
324566445033933830000.000000
324573396932511530000.000000
324575389705751100000.000000
324577001608405120000.000000
324578316167458590000.000000
324582275398399360000.000000
324651648530601930000.000000
324653250920463730000.000000
324654191342655900000.000000
324655126586420690000.000000
324659024610484420000.000000
324664010425183370000.000000
324665497945895730000.000000
324666220546074800000.000000
324668086699958140000.000000
324676862389771630000.000000
324677589111978390000.000000
324678335940950690000.000000
324805152177404510000.000000
324806658831267200000.000000
324807919041008830000.000000
324918054434479870000.000000
324922664383371540000.000000
324926688560008920000.000000
325329726184979230000.000000
325349953438862150000.000000
325350762063141400000.000000
325352100802410320000.000000
325356893565808870000.000000
325358202824514080000.000000
325358923728725480000.000000
325359369323587040000.000000
325362967486648290000.000000
325364091931515940000.000000
325368296496093330000.000000
325372678893529600000.000000
325374060719598800000.000000
325374430350030410000.000000
325427709930342780000.000000
325428426222351940000.000000
325517143881763390000.000000
325518954182709080000.000000
325525200914426760000.000000
325527493868348640000.000000
325528589685519550000.000000
325531410459211860000.000000
325584674918650280000.000000
325580105404921020000.000000
325584793572405350000.000000
325755646172900950000.000000
325756417887069080000.000000
325757705285280330000.000000
325758398797410340000.000000
325800471806586520000.000000
325969573496458050000.000000
325971092685416170000.000000
325971675203262870000.000000
325972612256687850000.000000
326130080541287120000.000000
326123554688026020000.000000
326124750196861170000.000000
326181521215016670000.000000
326188037622237100000.000000
326188255035942110000.000000
326190652045378650000.000000
326266845380770990000.000000
326267538641767960000.000000
326270263406438510000.000000
326305771819539170000.000000
326308138801889280000.000000
326310619174127860000.000000
326312282239781700000.000000
326629287673485790000.000000
326628970959915970000.000000
326634322605457740000.000000
326690872198332090000.000000
326694306544709340000.000000
326695953979003570000.000000
326696481114420410000.000000
326698354136200640000.000000
326701826851641430000.000000
326702849261634320000.000000
326703337004195050000.000000
326793447858597400000.000000
326793448688876520000.000000
326899674453265610000.000000
326901476613473370000.000000
326905233634114990000.000000
326906991984887790000.000000
326908696463252000000.000000
326909544554939680000.000000
326911134354165660000.000000
326912585793464430000.000000
326913735146699360000.000000
326916243929759220000.000000
326918191683339030000.000000
326920888867698570000.000000
326921553380383520000.000000
326924853039131000000.000000
327034000905110680000.000000
327035397131609050000.000000
327073105834550100000.000000
327074575803911110000.000000
327077193261638350000.000000
327076934230346560000.000000
327079341257338060000.000000
327080682208849820000.000000
327081874103129150000.000000
327085391756117800000.000000
327169576799770120000.000000
327298263195726970000.000000
327298048160927780000.000000
327299709835419980000.000000
327677124491243810000.000000
327674475348179420000.000000
327674254989083020000.000000
327688456722034590000.000000
327695681165458870000.000000
327697139122027040000.000000
327698772629679700000.000000
327706169251397630000.000000
327811685468759980000.000000
327819576765377020000.000000
327820871856428480000.000000
327835901485221280000.000000
327837491315226900000.000000
327838103371477940000.000000
327838853631204590000.000000
327857072016715280000.000000
327860953718599190000.000000
327877968688200610000.000000
327882535653685850000.000000
327880238608206660000.000000
327875762758646960000.000000
327889409880778740000.000000
328518939430847250000.000000
328542298037306390000.000000
328536724846738800000.000000
328537885833723250000.000000
328537611496622130000.000000
328539147948073220000.000000
328540338197624130000.000000
328542507325454480000.000000
328543433999511520000.000000
328572094374052690000.000000
328574524593671900000.000000
328574047944559030000.000000
328611450703041330000.000000
328613114437477340000.000000
328613647268946580000.000000
328616865796389990000.000000
328619104049357780000.000000
328621712297264020000.000000
328627311298761850000.000000
328859615230733650000.000000
328862287186314990000.000000
328862927616352910000.000000
328884283843222440000.000000
328865002868949450000.000000
328888303887565590000.000000
328891709937957010000.000000
328892939070910100000.000000
328893358802408240000.000000
328885020547251240000.000000
328886874435680670000.000000
328887706121429250000.000000
328888471386283640000.000000
328889135577836420000.000000
328889927646655280000.000000
328894234365558190000.000000
328895466649468400000.000000
328897282169451050000.000000
328899117437484470000.000000
328899874006796600000.000000
328901383735582060000.000000
328902373446278050000.000000
329113379774045160000.000000
329117106057176550000.000000
329481920919253090000.000000
329483480372561900000.000000
329485556905526620000.000000
329494224263811240000.000000
329499778570097200000.000000
329502203801500450000.000000
329504953530475220000.000000
329505333835150460000.000000
329506618654050940000.000000
329708307474215340000.000000
329710668698356740000.000000
329712673445348250000.000000
329713402135866570000.000000
329715091296932790000.000000
329743202968234490000.000000
329748658270600040000.000000
329749362697383050000.000000
329750748814022930000.000000
329751968649047700000.000000
329767584380012590000.000000
329773625766190380000.000000
329778818837372730000.000000
329787616179899140000.000000
329788478916302010000.000000
329789283617569770000.000000
329790515991921230000.000000
329792647122696400000.000000
329793553884900560000.000000
329795421848534910000.000000
329798824572716970000.000000
329801343918381270000.000000
329809420377079610000.000000
329817502922745910000.000000
329819439070451990000.000000
329821233658233680000.000000
329823277975248570000.000000
329834194456274340000.000000
329834312423204650000.000000
329835271673435190000.000000
329848244131452220000.000000
329848300849485510000.000000
329854086558990470000.000000
329855327264090550000.000000
329857229238387470000.000000
329849974121656220000.000000
329851687606446000000.000000
330163092405185680000.000000
330165647596287820000.000000
330167447594005820000.000000
330167956739979350000.000000
330169194802056400000.000000
330170560108963300000.000000
330173755349177660000.000000
330175004776694420000.000000
330175876414132320000.000000
330176733353911780000.000000
330177439747479180000.000000
330178740084642740000.000000
330179037963037310000.000000
330182223539772920000.000000
330183291663802500000.000000
330182064111425880000.000000
330183211632933470000.000000
330600466215769740000.000000
330602127049247880000.000000
330603633430907320000.000000
330604465784137710000.000000
330605743324014640000.000000
330607175246937650000.000000
330619364951793140000.000000
330661583829176680000.000000
330662194706972210000.000000
330664430177881160000.000000
330665330962138140000.000000
330666125221566280000.000000
330667179280935620000.000000
330670952607547790000.000000
330671620356195810000.000000
330697211563313400000.000000
330700358962627540000.000000
330700618250882320000.000000
330702671420502440000.000000
330703572938155160000.000000
330704407305353690000.000000
332282921319551400000.000000
332284623354648000000.000000
332285798056345730000.000000
332288859318197880000.000000
332296564354712730000.000000
332297859646054600000.000000
332297832484660180000.000000
332298931499039390000.000000
332301998494081880000.000000
332302704741309550000.000000
332325320051431050000.000000
332326405510700730000.000000
332336924022774560000.000000
332337157055702300000.000000
332889191316213920000.000000
332897244258955430000.000000
332907864777134050000.000000
332909845805441880000.000000
332912394694797430000.000000
332980371868910490000.000000
332981911187532550000.000000
332985142222499280000.000000
332986713636730040000.000000
332988369901166200000.000000
332991043351065460000.000000
332991860914264150000.000000
333384326196591130000.000000
333384760408313760000.000000
333384725009037520000.000000
333390634681778240000.000000
333391365953447790000.000000
333393921843821020000.000000
333395767941552340000.000000
333396097466432950000.000000
333397853786299370000.000000
333399639191479320000.000000
333400303946968200000.000000
333401898675114340000.000000
333405240224748540000.000000
333411033637434360000.000000
333655984167496650000.000000
333668466163942360000.000000
333669459839918080000.000000
333676669738154460000.000000
334331064831456900000.000000
334342210016188960000.000000
334342885903358950000.000000
334343490863410910000.000000
334344471026747640000.000000
334345561054943970000.000000
334346722001877600000.000000
334355342594104030000.000000
334639097362886360000.000000
334641883242548890000.000000
334646902417444500000.000000
334649269739552570000.000000
334652279246905210000.000000
